2023-05-13 11:35:09,802 [myid:] - INFO  [main:o.a.z.s.q.QuorumPeerConfig@177] - Reading configuration from: conf/zoo_sample.cfg
2023-05-13 11:35:09,803 [myid:] - WARN  [main:o.a.z.s.u.VerifyingFileFactory@65] - conf/zoo_sample.cfg is relative. Prepend ./ to indicate that you're sure!
2023-05-13 11:35:09,804 [myid:] - INFO  [main:o.a.z.s.q.QuorumPeerConfig@440] - clientPortAddress is 0.0.0.0:2181
2023-05-13 11:35:09,805 [myid:] - INFO  [main:o.a.z.s.q.QuorumPeerConfig@444] - secureClientPort is not set
2023-05-13 11:35:09,805 [myid:] - INFO  [main:o.a.z.s.q.QuorumPeerConfig@460] - observerMasterPort is not set
2023-05-13 11:35:09,805 [myid:] - INFO  [main:o.a.z.s.q.QuorumPeerConfig@477] - metricsProvider.className is org.apache.zookeeper.metrics.impl.DefaultMetricsProvider
2023-05-13 11:35:09,806 [myid:] - INFO  [main:o.a.z.s.DatadirCleanupManager@78] - autopurge.snapRetainCount set to 3
2023-05-13 11:35:09,806 [myid:] - INFO  [main:o.a.z.s.DatadirCleanupManager@79] - autopurge.purgeInterval set to 0
2023-05-13 11:35:09,806 [myid:] - INFO  [main:o.a.z.s.DatadirCleanupManager@101] - Purge task is not scheduled.
2023-05-13 11:35:09,806 [myid:] - WARN  [main:o.a.z.s.q.QuorumPeerMain@139] - Either no config or no quorum defined in config, running in standalone mode
2023-05-13 11:35:09,806 [myid:] - INFO  [main:o.a.z.j.ManagedUtil@46] - Log4j 1.2 jmx support not found; jmx disabled.
2023-05-13 11:35:09,807 [myid:] - INFO  [main:o.a.z.s.q.QuorumPeerConfig@177] - Reading configuration from: conf/zoo_sample.cfg
2023-05-13 11:35:09,807 [myid:] - WARN  [main:o.a.z.s.u.VerifyingFileFactory@65] - conf/zoo_sample.cfg is relative. Prepend ./ to indicate that you're sure!
2023-05-13 11:35:09,807 [myid:] - INFO  [main:o.a.z.s.q.QuorumPeerConfig@440] - clientPortAddress is 0.0.0.0:2181
2023-05-13 11:35:09,807 [myid:] - INFO  [main:o.a.z.s.q.QuorumPeerConfig@444] - secureClientPort is not set
2023-05-13 11:35:09,807 [myid:] - INFO  [main:o.a.z.s.q.QuorumPeerConfig@460] - observerMasterPort is not set
2023-05-13 11:35:09,807 [myid:] - INFO  [main:o.a.z.s.q.QuorumPeerConfig@477] - metricsProvider.className is org.apache.zookeeper.metrics.impl.DefaultMetricsProvider
2023-05-13 11:35:09,807 [myid:] - INFO  [main:o.a.z.s.ZooKeeperServerMain@123] - Starting server
2023-05-13 11:35:09,812 [myid:] - INFO  [main:o.a.z.s.ServerMetrics@64] - ServerMetrics initialized with provider org.apache.zookeeper.metrics.impl.DefaultMetricsProvider@222545dc
2023-05-13 11:35:09,813 [myid:] - INFO  [main:o.a.z.s.a.DigestAuthenticationProvider@47] - ACL digest algorithm is: SHA1
2023-05-13 11:35:09,813 [myid:] - INFO  [main:o.a.z.s.a.DigestAuthenticationProvider@61] - zookeeper.DigestAuthenticationProvider.enabled = true
2023-05-13 11:35:09,814 [myid:] - INFO  [main:o.a.z.s.p.FileTxnSnapLog@124] - zookeeper.snapshot.trust.empty : false
2023-05-13 11:35:09,818 [myid:] - INFO  [main:o.a.z.ZookeeperBanner@42] - 
2023-05-13 11:35:09,818 [myid:] - INFO  [main:o.a.z.ZookeeperBanner@42] -   ______                  _                                          
2023-05-13 11:35:09,818 [myid:] - INFO  [main:o.a.z.ZookeeperBanner@42] -  |___  /                 | |                                         
2023-05-13 11:35:09,818 [myid:] - INFO  [main:o.a.z.ZookeeperBanner@42] -     / /    ___     ___   | | __   ___    ___   _ __     ___   _ __   
2023-05-13 11:35:09,818 [myid:] - INFO  [main:o.a.z.ZookeeperBanner@42] -    / /    / _ \   / _ \  | |/ /  / _ \  / _ \ | '_ \   / _ \ | '__|
2023-05-13 11:35:09,818 [myid:] - INFO  [main:o.a.z.ZookeeperBanner@42] -   / /__  | (_) | | (_) | |   <  |  __/ |  __/ | |_) | |  __/ | |    
2023-05-13 11:35:09,818 [myid:] - INFO  [main:o.a.z.ZookeeperBanner@42] -  /_____|  \___/   \___/  |_|\_\  \___|  \___| | .__/   \___| |_|
2023-05-13 11:35:09,818 [myid:] - INFO  [main:o.a.z.ZookeeperBanner@42] -                                               | |                     
2023-05-13 11:35:09,818 [myid:] - INFO  [main:o.a.z.ZookeeperBanner@42] -                                               |_|                     
2023-05-13 11:35:09,818 [myid:] - INFO  [main:o.a.z.ZookeeperBanner@42] - 
2023-05-13 11:35:09,820 [myid:] - INFO  [main:o.a.z.Environment@98] - Server environment:zookeeper.version=3.8.1-74db005175a4ec545697012f9069cb9dcc8cdda7, built on 2023-01-25 16:31 UTC
2023-05-13 11:35:09,820 [myid:] - INFO  [main:o.a.z.Environment@98] - Server environment:host.name=localhost
2023-05-13 11:35:09,820 [myid:] - INFO  [main:o.a.z.Environment@98] - Server environment:java.version=17.0.4.1
2023-05-13 11:35:09,820 [myid:] - INFO  [main:o.a.z.Environment@98] - Server environment:java.vendor=Amazon.com Inc.
2023-05-13 11:35:09,820 [myid:] - INFO  [main:o.a.z.Environment@98] - Server environment:java.home=/Users/sathira/Library/Java/JavaVirtualMachines/corretto-17.0.4.1/Contents/Home
2023-05-13 11:35:09,820 [myid:] - INFO  [main:o.a.z.Environment@98] - Server environment:java.class.path=/Users/sathira/Desktop/tutorial 4/zookeper/apache-zookeeper-3.8.1-bin/bin/../zookeeper-server/target/classes:/Users/sathira/Desktop/tutorial 4/zookeper/apache-zookeeper-3.8.1-bin/bin/../build/classes:/Users/sathira/Desktop/tutorial 4/zookeper/apache-zookeeper-3.8.1-bin/bin/../zookeeper-server/target/lib/*.jar:/Users/sathira/Desktop/tutorial 4/zookeper/apache-zookeeper-3.8.1-bin/bin/../build/lib/*.jar:/Users/sathira/Desktop/tutorial 4/zookeper/apache-zookeeper-3.8.1-bin/bin/../lib/zookeeper-prometheus-metrics-3.8.1.jar:/Users/sathira/Desktop/tutorial 4/zookeper/apache-zookeeper-3.8.1-bin/bin/../lib/zookeeper-jute-3.8.1.jar:/Users/sathira/Desktop/tutorial 4/zookeper/apache-zookeeper-3.8.1-bin/bin/../lib/zookeeper-3.8.1.jar:/Users/sathira/Desktop/tutorial 4/zookeper/apache-zookeeper-3.8.1-bin/bin/../lib/snappy-java-1.1.7.7.jar:/Users/sathira/Desktop/tutorial 4/zookeper/apache-zookeeper-3.8.1-bin/bin/../lib/slf4j-api-1.7.30.jar:/Users/sathira/Desktop/tutorial 4/zookeper/apache-zookeeper-3.8.1-bin/bin/../lib/simpleclient_servlet-0.9.0.jar:/Users/sathira/Desktop/tutorial 4/zookeper/apache-zookeeper-3.8.1-bin/bin/../lib/simpleclient_hotspot-0.9.0.jar:/Users/sathira/Desktop/tutorial 4/zookeper/apache-zookeeper-3.8.1-bin/bin/../lib/simpleclient_common-0.9.0.jar:/Users/sathira/Desktop/tutorial 4/zookeper/apache-zookeeper-3.8.1-bin/bin/../lib/simpleclient-0.9.0.jar:/Users/sathira/Desktop/tutorial 4/zookeper/apache-zookeeper-3.8.1-bin/bin/../lib/netty-transport-native-unix-common-4.1.86.Final.jar:/Users/sathira/Desktop/tutorial 4/zookeper/apache-zookeeper-3.8.1-bin/bin/../lib/netty-transport-native-epoll-4.1.86.Final.jar:/Users/sathira/Desktop/tutorial 4/zookeper/apache-zookeeper-3.8.1-bin/bin/../lib/netty-transport-classes-epoll-4.1.86.Final.jar:/Users/sathira/Desktop/tutorial 4/zookeper/apache-zookeeper-3.8.1-bin/bin/../lib/netty-transport-4.1.86.Final.jar:/Users/sathira/Desktop/tutorial 4/zookeper/apache-zookeeper-3.8.1-bin/bin/../lib/netty-resolver-4.1.86.Final.jar:/Users/sathira/Desktop/tutorial 4/zookeper/apache-zookeeper-3.8.1-bin/bin/../lib/netty-handler-4.1.86.Final.jar:/Users/sathira/Desktop/tutorial 4/zookeper/apache-zookeeper-3.8.1-bin/bin/../lib/netty-common-4.1.86.Final.jar:/Users/sathira/Desktop/tutorial 4/zookeper/apache-zookeeper-3.8.1-bin/bin/../lib/netty-codec-4.1.86.Final.jar:/Users/sathira/Desktop/tutorial 4/zookeper/apache-zookeeper-3.8.1-bin/bin/../lib/netty-buffer-4.1.86.Final.jar:/Users/sathira/Desktop/tutorial 4/zookeper/apache-zookeeper-3.8.1-bin/bin/../lib/metrics-core-4.1.12.1.jar:/Users/sathira/Desktop/tutorial 4/zookeper/apache-zookeeper-3.8.1-bin/bin/../lib/logback-core-1.2.10.jar:/Users/sathira/Desktop/tutorial 4/zookeper/apache-zookeeper-3.8.1-bin/bin/../lib/logback-classic-1.2.10.jar:/Users/sathira/Desktop/tutorial 4/zookeper/apache-zookeeper-3.8.1-bin/bin/../lib/jline-2.14.6.jar:/Users/sathira/Desktop/tutorial 4/zookeper/apache-zookeeper-3.8.1-bin/bin/../lib/jetty-util-ajax-9.4.49.v20220914.jar:/Users/sathira/Desktop/tutorial 4/zookeper/apache-zookeeper-3.8.1-bin/bin/../lib/jetty-util-9.4.49.v20220914.jar:/Users/sathira/Desktop/tutorial 4/zookeper/apache-zookeeper-3.8.1-bin/bin/../lib/jetty-servlet-9.4.49.v20220914.jar:/Users/sathira/Desktop/tutorial 4/zookeper/apache-zookeeper-3.8.1-bin/bin/../lib/jetty-server-9.4.49.v20220914.jar:/Users/sathira/Desktop/tutorial 4/zookeper/apache-zookeeper-3.8.1-bin/bin/../lib/jetty-security-9.4.49.v20220914.jar:/Users/sathira/Desktop/tutorial 4/zookeper/apache-zookeeper-3.8.1-bin/bin/../lib/jetty-io-9.4.49.v20220914.jar:/Users/sathira/Desktop/tutorial 4/zookeper/apache-zookeeper-3.8.1-bin/bin/../lib/jetty-http-9.4.49.v20220914.jar:/Users/sathira/Desktop/tutorial 4/zookeper/apache-zookeeper-3.8.1-bin/bin/../lib/javax.servlet-api-3.1.0.jar:/Users/sathira/Desktop/tutorial 4/zookeper/apache-zookeeper-3.8.1-bin/bin/../lib/jackson-databind-2.13.4.2.jar:/Users/sathira/Desktop/tutorial 4/zookeper/apache-zookeeper-3.8.1-bin/bin/../lib/jackson-core-2.13.4.jar:/Users/sathira/Desktop/tutorial 4/zookeper/apache-zookeeper-3.8.1-bin/bin/../lib/jackson-annotations-2.13.4.jar:/Users/sathira/Desktop/tutorial 4/zookeper/apache-zookeeper-3.8.1-bin/bin/../lib/commons-io-2.11.0.jar:/Users/sathira/Desktop/tutorial 4/zookeper/apache-zookeeper-3.8.1-bin/bin/../lib/commons-cli-1.5.0.jar:/Users/sathira/Desktop/tutorial 4/zookeper/apache-zookeeper-3.8.1-bin/bin/../lib/audience-annotations-0.12.0.jar:/Users/sathira/Desktop/tutorial 4/zookeper/apache-zookeeper-3.8.1-bin/bin/../zookeeper-*.jar:/Users/sathira/Desktop/tutorial 4/zookeper/apache-zookeeper-3.8.1-bin/bin/../zookeeper-server/src/main/resources/lib/*.jar:/Users/sathira/Desktop/tutorial 4/zookeper/apache-zookeeper-3.8.1-bin/bin/../conf:
2023-05-13 11:35:09,820 [myid:] - INFO  [main:o.a.z.Environment@98] - Server environment:java.library.path=/Users/sathira/Library/Java/Extensions:/Library/Java/Extensions:/Network/Library/Java/Extensions:/System/Library/Java/Extensions:/usr/lib/java:.
2023-05-13 11:35:09,820 [myid:] - INFO  [main:o.a.z.Environment@98] - Server environment:java.io.tmpdir=/var/folders/xt/zkvtx4c10nx2q49t78v_pxk80000gn/T/
2023-05-13 11:35:09,820 [myid:] - INFO  [main:o.a.z.Environment@98] - Server environment:java.compiler=<NA>
2023-05-13 11:35:09,820 [myid:] - INFO  [main:o.a.z.Environment@98] - Server environment:os.name=Mac OS X
2023-05-13 11:35:09,820 [myid:] - INFO  [main:o.a.z.Environment@98] - Server environment:os.arch=aarch64
2023-05-13 11:35:09,820 [myid:] - INFO  [main:o.a.z.Environment@98] - Server environment:os.version=13.2.1
2023-05-13 11:35:09,820 [myid:] - INFO  [main:o.a.z.Environment@98] - Server environment:user.name=sathira
2023-05-13 11:35:09,820 [myid:] - INFO  [main:o.a.z.Environment@98] - Server environment:user.home=/Users/sathira
2023-05-13 11:35:09,820 [myid:] - INFO  [main:o.a.z.Environment@98] - Server environment:user.dir=/Users/sathira/Desktop/tutorial 4/zookeper/apache-zookeeper-3.8.1-bin
2023-05-13 11:35:09,820 [myid:] - INFO  [main:o.a.z.Environment@98] - Server environment:os.memory.free=114MB
2023-05-13 11:35:09,820 [myid:] - INFO  [main:o.a.z.Environment@98] - Server environment:os.memory.max=1000MB
2023-05-13 11:35:09,820 [myid:] - INFO  [main:o.a.z.Environment@98] - Server environment:os.memory.total=130MB
2023-05-13 11:35:09,820 [myid:] - INFO  [main:o.a.z.s.ZooKeeperServer@140] - zookeeper.enableEagerACLCheck = false
2023-05-13 11:35:09,820 [myid:] - INFO  [main:o.a.z.s.ZooKeeperServer@153] - zookeeper.digest.enabled = true
2023-05-13 11:35:09,820 [myid:] - INFO  [main:o.a.z.s.ZooKeeperServer@157] - zookeeper.closeSessionTxn.enabled = true
2023-05-13 11:35:09,820 [myid:] - INFO  [main:o.a.z.s.ZooKeeperServer@1510] - zookeeper.flushDelay = 0 ms
2023-05-13 11:35:09,820 [myid:] - INFO  [main:o.a.z.s.ZooKeeperServer@1519] - zookeeper.maxWriteQueuePollTime = 0 ms
2023-05-13 11:35:09,820 [myid:] - INFO  [main:o.a.z.s.ZooKeeperServer@1528] - zookeeper.maxBatchSize=1000
2023-05-13 11:35:09,820 [myid:] - INFO  [main:o.a.z.s.ZooKeeperServer@275] - zookeeper.intBufferStartingSizeBytes = 1024
2023-05-13 11:35:09,821 [myid:] - INFO  [main:o.a.z.s.BlueThrottle@141] - Weighed connection throttling is disabled
2023-05-13 11:35:09,821 [myid:] - INFO  [main:o.a.z.s.ZooKeeperServer@1311] - minSessionTimeout set to 4000 ms
2023-05-13 11:35:09,821 [myid:] - INFO  [main:o.a.z.s.ZooKeeperServer@1320] - maxSessionTimeout set to 40000 ms
2023-05-13 11:35:09,822 [myid:] - INFO  [main:o.a.z.s.ResponseCache@45] - getData response cache size is initialized with value 400.
2023-05-13 11:35:09,822 [myid:] - INFO  [main:o.a.z.s.ResponseCache@45] - getChildren response cache size is initialized with value 400.
2023-05-13 11:35:09,822 [myid:] - INFO  [main:o.a.z.s.u.RequestPathMetricsCollector@109] - zookeeper.pathStats.slotCapacity = 60
2023-05-13 11:35:09,822 [myid:] - INFO  [main:o.a.z.s.u.RequestPathMetricsCollector@110] - zookeeper.pathStats.slotDuration = 15
2023-05-13 11:35:09,822 [myid:] - INFO  [main:o.a.z.s.u.RequestPathMetricsCollector@111] - zookeeper.pathStats.maxDepth = 6
2023-05-13 11:35:09,822 [myid:] - INFO  [main:o.a.z.s.u.RequestPathMetricsCollector@112] - zookeeper.pathStats.initialDelay = 5
2023-05-13 11:35:09,822 [myid:] - INFO  [main:o.a.z.s.u.RequestPathMetricsCollector@113] - zookeeper.pathStats.delay = 5
2023-05-13 11:35:09,822 [myid:] - INFO  [main:o.a.z.s.u.RequestPathMetricsCollector@114] - zookeeper.pathStats.enabled = false
2023-05-13 11:35:09,824 [myid:] - INFO  [main:o.a.z.s.ZooKeeperServer@1547] - The max bytes for all large requests are set to 104857600
2023-05-13 11:35:09,824 [myid:] - INFO  [main:o.a.z.s.ZooKeeperServer@1561] - The large request threshold is set to -1
2023-05-13 11:35:09,824 [myid:] - INFO  [main:o.a.z.s.AuthenticationHelper@66] - zookeeper.enforce.auth.enabled = false
2023-05-13 11:35:09,824 [myid:] - INFO  [main:o.a.z.s.AuthenticationHelper@67] - zookeeper.enforce.auth.schemes = []
2023-05-13 11:35:09,824 [myid:] - INFO  [main:o.a.z.s.ZooKeeperServer@376] - Created server with tickTime 2000 ms minSessionTimeout 4000 ms maxSessionTimeout 40000 ms clientPortListenBacklog -1 datadir /tmp/zookeeper/version-2 snapdir /tmp/zookeeper/version-2
2023-05-13 11:35:09,834 [myid:] - INFO  [main:o.e.j.u.l.Log@170] - Logging initialized @597ms to org.eclipse.jetty.util.log.Slf4jLog
2023-05-13 11:35:09,864 [myid:] - WARN  [main:o.e.j.s.h.ContextHandler@1662] - o.e.j.s.ServletContextHandler@35aea049{/,null,STOPPED} contextPath ends with /*
2023-05-13 11:35:09,865 [myid:] - WARN  [main:o.e.j.s.h.ContextHandler@1673] - Empty contextPath
2023-05-13 11:35:09,874 [myid:] - INFO  [main:o.e.j.s.Server@375] - jetty-9.4.49.v20220914; built: 2022-09-14T01:07:36.601Z; git: 4231a3b2e4cb8548a412a789936d640a97b1aa0a; jvm 17.0.4.1+9-LTS
2023-05-13 11:35:09,888 [myid:] - INFO  [main:o.e.j.s.s.DefaultSessionIdManager@334] - DefaultSessionIdManager workerName=node0
2023-05-13 11:35:09,888 [myid:] - INFO  [main:o.e.j.s.s.DefaultSessionIdManager@339] - No SessionScavenger set, using defaults
2023-05-13 11:35:09,889 [myid:] - INFO  [main:o.e.j.s.s.HouseKeeper@132] - node0 Scavenging every 660000ms
2023-05-13 11:35:09,890 [myid:] - WARN  [main:o.e.j.s.ConstraintSecurityHandler@759] - ServletContext@o.e.j.s.ServletContextHandler@35aea049{/,null,STARTING} has uncovered http methods for path: /*
2023-05-13 11:35:09,896 [myid:] - INFO  [main:o.e.j.s.h.ContextHandler@921] - Started o.e.j.s.ServletContextHandler@35aea049{/,null,AVAILABLE}
2023-05-13 11:35:09,901 [myid:] - INFO  [main:o.e.j.s.AbstractConnector@333] - Started ServerConnector@51f116b8{HTTP/1.1, (http/1.1)}{0.0.0.0:8080}
2023-05-13 11:35:09,901 [myid:] - INFO  [main:o.e.j.s.Server@415] - Started @664ms
2023-05-13 11:35:09,901 [myid:] - INFO  [main:o.a.z.s.a.JettyAdminServer@196] - Started AdminServer on address 0.0.0.0, port 8080 and command URL /commands
2023-05-13 11:35:09,904 [myid:] - INFO  [main:o.a.z.s.ServerCnxnFactory@169] - Using org.apache.zookeeper.server.NIOServerCnxnFactory as server connection factory
2023-05-13 11:35:09,904 [myid:] - WARN  [main:o.a.z.s.ServerCnxnFactory@309] - maxCnxns is not configured, using default value 0.
2023-05-13 11:35:09,905 [myid:] - INFO  [main:o.a.z.s.NIOServerCnxnFactory@652] - Configuring NIO connection handler with 10s sessionless connection timeout, 2 selector thread(s), 16 worker threads, and 64 kB direct buffers.
2023-05-13 11:35:09,905 [myid:] - INFO  [main:o.a.z.s.NIOServerCnxnFactory@660] - binding to port 0.0.0.0/0.0.0.0:2181
2023-05-13 11:35:09,910 [myid:] - INFO  [main:o.a.z.s.w.WatchManagerFactory@42] - Using org.apache.zookeeper.server.watch.WatchManager as watch manager
2023-05-13 11:35:09,910 [myid:] - INFO  [main:o.a.z.s.w.WatchManagerFactory@42] - Using org.apache.zookeeper.server.watch.WatchManager as watch manager
2023-05-13 11:35:09,910 [myid:] - INFO  [main:o.a.z.s.ZKDatabase@132] - zookeeper.snapshotSizeFactor = 0.33
2023-05-13 11:35:09,911 [myid:] - INFO  [main:o.a.z.s.ZKDatabase@152] - zookeeper.commitLogCount=500
2023-05-13 11:35:09,913 [myid:] - INFO  [main:o.a.z.s.p.SnapStream@61] - zookeeper.snapshot.compression.method = CHECKED
2023-05-13 11:35:09,913 [myid:] - INFO  [main:o.a.z.s.p.FileTxnSnapLog@479] - Snapshotting: 0x0 to /tmp/zookeeper/version-2/snapshot.0
2023-05-13 11:35:09,914 [myid:] - INFO  [main:o.a.z.s.ZKDatabase@289] - Snapshot loaded in 3 ms, highest zxid is 0x0, digest is 1371985504
2023-05-13 11:35:09,915 [myid:] - INFO  [main:o.a.z.s.p.FileTxnSnapLog@479] - Snapshotting: 0x0 to /tmp/zookeeper/version-2/snapshot.0
2023-05-13 11:35:09,915 [myid:] - INFO  [main:o.a.z.s.ZooKeeperServer@558] - Snapshot taken in 0 ms
2023-05-13 11:35:09,919 [myid:] - INFO  [ProcessThread(sid:0 cport:2181)::o.a.z.s.PrepRequestProcessor@138] - PrepRequestProcessor (sid:0) started, reconfigEnabled=false
2023-05-13 11:35:09,919 [myid:] - INFO  [main:o.a.z.s.RequestThrottler@75] - zookeeper.request_throttler.shutdownTimeout = 10000 ms
2023-05-13 11:35:09,924 [myid:] - INFO  [main:o.a.z.s.ContainerManager@84] - Using checkIntervalMs=60000 maxPerMinute=10000 maxNeverUsedIntervalMs=0
2023-05-13 11:35:09,924 [myid:] - INFO  [main:o.a.z.a.ZKAuditProvider@42] - ZooKeeper audit is disabled.
2023-05-13 11:36:31,070 [myid:] - INFO  [SyncThread:0:o.a.z.s.p.FileTxnLog@285] - Creating new log file: log.1
2023-05-13 11:54:04,071 [myid:] - INFO  [NIOWorkerThread-14:o.a.z.s.NIOServerCnxn@337] - Unable to read additional data from client, it probably closed the socket: address = /127.0.0.1:55396, session = 0x10002fdabc30000
2023-05-13 11:54:06,535 [myid:] - INFO  [NIOWorkerThread-16:o.a.z.s.NIOServerCnxn@337] - Unable to read additional data from client, it probably closed the socket: address = /[0:0:0:0:0:0:0:1]:55397, session = 0x10002fdabc30001
2023-05-13 11:54:08,938 [myid:] - INFO  [SessionTracker:o.a.z.s.ZooKeeperServer@643] - Expiring session 0x10002fdabc30000, timeout of 5000ms exceeded
2023-05-13 11:54:10,936 [myid:] - INFO  [SessionTracker:o.a.z.s.ZooKeeperServer@643] - Expiring session 0x10002fdabc30001, timeout of 5000ms exceeded
2023-05-13 12:47:51,738 [myid:] - INFO  [NIOWorkerThread-8:o.a.z.s.NIOServerCnxn@337] - Unable to read additional data from client, it probably closed the socket: address = /[0:0:0:0:0:0:0:1]:55499, session = 0x10002fdabc30003
2023-05-13 12:47:54,607 [myid:] - INFO  [NIOWorkerThread-13:o.a.z.s.NIOServerCnxn@337] - Unable to read additional data from client, it probably closed the socket: address = /[0:0:0:0:0:0:0:1]:55497, session = 0x10002fdabc30002
2023-05-13 12:47:57,002 [myid:] - INFO  [SessionTracker:o.a.z.s.ZooKeeperServer@643] - Expiring session 0x10002fdabc30003, timeout of 5000ms exceeded
2023-05-13 12:47:59,001 [myid:] - INFO  [SessionTracker:o.a.z.s.ZooKeeperServer@643] - Expiring session 0x10002fdabc30002, timeout of 5000ms exceeded
